<?xml version="1.0" encoding="UTF-8"?>
<!-- Generated by org.testng.reporters.JUnitReportReporter -->
<testsuite hostname="DESKTOP-MI77RBC" name="testCases.LauchPageTestCase" tests="2" failures="0" timestamp="6 Sep 2018 12:14:57 GMT" time="5.965" errors="0">
  <testcase name="PageTitle" time="0.001" classname="testCases.LauchPageTestCase"/>
  <testcase name="shop" time="5.964" classname="testCases.LauchPageTestCase"/>
</testsuite> <!-- testCases.LauchPageTestCase -->
