<?xml version="1.0" encoding="UTF-8"?>
<!-- Generated by org.testng.reporters.JUnitReportReporter -->
<testsuite hostname="DESKTOP-MI77RBC" name="testCases.LauchPageTestCase" tests="2" failures="0" timestamp="10 Sep 2018 11:44:01 GMT" time="12.208" errors="0">
  <testcase name="PageTitle" time="0.002" classname="testCases.LauchPageTestCase"/>
  <testcase name="shop" time="12.206" classname="testCases.LauchPageTestCase"/>
</testsuite> <!-- testCases.LauchPageTestCase -->
